<?xml version="1.0" encoding="UTF-8"?>
<testsuite name="gradle_demo.AppTest" tests="1" skipped="0" failures="0" errors="0" timestamp="2022-02-12T17:51:01" hostname="Komalâ€™s Air" time="0.006">
  <properties/>
  <testcase name="appHasAGreeting" classname="gradle_demo.AppTest" time="0.006"/>
  <system-out><![CDATA[]]></system-out>
  <system-err><![CDATA[]]></system-err>
</testsuite>
